[debug] [2023-12-16T15:02:46.086Z] ----------------------------------------------------------------------
[debug] [2023-12-16T15:02:46.090Z] Command:       C:\Program Files\nodejs\node.exe C:\Users\HP\AppData\Roaming\npm\node_modules\firebase-tools\lib\bin\firebase.js init
[debug] [2023-12-16T15:02:46.091Z] CLI Version:   13.0.2
[debug] [2023-12-16T15:02:46.091Z] Platform:      win32
[debug] [2023-12-16T15:02:46.091Z] Node Version:  v19.3.0
[debug] [2023-12-16T15:02:46.091Z] Time:          Sat Dec 16 2023 20:32:46 GMT+0530 (India Standard Time)
[debug] [2023-12-16T15:02:46.092Z] ----------------------------------------------------------------------
[debug] 
[debug] [2023-12-16T15:02:46.101Z] > command requires scopes: ["email","openid","https://www.googleapis.com/auth/cloudplatformprojects.readonly","https://www.googleapis.com/auth/firebase","https://www.googleapis.com/auth/cloud-platform"]
[debug] [2023-12-16T15:02:46.102Z] > authorizing via signed-in user (chilakapatinagaraju2@gmail.com)
[info] 
     ######## #### ########  ######## ########     ###     ######  ########
     ##        ##  ##     ## ##       ##     ##  ##   ##  ##       ##
     ######    ##  ########  ######   ########  #########  ######  ######
     ##        ##  ##    ##  ##       ##     ## ##     ##       ## ##
     ##       #### ##     ## ######## ########  ##     ##  ######  ########

You're about to initialize a Firebase project in this directory:

  G:\PROJECT 2022\CONSTRUCTIONS

[info] 
=== Project Setup
[info] 
[info] First, let's associate this project directory with a Firebase project.
[info] You can create multiple project aliases by running firebase use --add, 
[info] but for now we'll just set up a default project.
[info] 
[info] i  If you want to create a project in a Google Cloud organization or folder, please use "firebase projects:create" instead, and return to this command when you've created the project. 
[debug] [2023-12-16T15:03:22.631Z] ----------------------------------------------------------------------
[debug] [2023-12-16T15:03:22.634Z] Command:       C:\Program Files\nodejs\node.exe C:\Users\HP\AppData\Roaming\npm\node_modules\firebase-tools\lib\bin\firebase.js init
[debug] [2023-12-16T15:03:22.634Z] CLI Version:   13.0.2
[debug] [2023-12-16T15:03:22.635Z] Platform:      win32
[debug] [2023-12-16T15:03:22.635Z] Node Version:  v19.3.0
[debug] [2023-12-16T15:03:22.635Z] Time:          Sat Dec 16 2023 20:33:22 GMT+0530 (India Standard Time)
[debug] [2023-12-16T15:03:22.635Z] ----------------------------------------------------------------------
[debug] 
[debug] [2023-12-16T15:03:22.644Z] > command requires scopes: ["email","openid","https://www.googleapis.com/auth/cloudplatformprojects.readonly","https://www.googleapis.com/auth/firebase","https://www.googleapis.com/auth/cloud-platform"]
[debug] [2023-12-16T15:03:22.644Z] > authorizing via signed-in user (chilakapatinagaraju2@gmail.com)
[info] 
     ######## #### ########  ######## ########     ###     ######  ########
     ##        ##  ##     ## ##       ##     ##  ##   ##  ##       ##
     ######    ##  ########  ######   ########  #########  ######  ######
     ##        ##  ##    ##  ##       ##     ## ##     ##       ## ##
     ##       #### ##     ## ######## ########  ##     ##  ######  ########

You're about to initialize a Firebase project in this directory:

  G:\PROJECT 2022\CONSTRUCTIONS

[info] 
=== Project Setup
[info] 
[info] First, let's associate this project directory with a Firebase project.
[info] You can create multiple project aliases by running firebase use --add, 
[info] but for now we'll just set up a default project.
[info] 
[debug] [2023-12-16T15:03:35.269Z] >>> [apiv2][query] GET https://firebase.googleapis.com/v1beta1/projects pageSize=100
[debug] [2023-12-16T15:03:36.078Z] <<< [apiv2][status] GET https://firebase.googleapis.com/v1beta1/projects 200
[debug] [2023-12-16T15:03:36.078Z] <<< [apiv2][body] GET https://firebase.googleapis.com/v1beta1/projects [omitted]
[info] i  Using project ns-constructions (NS CONSTRUCTIONS) 
[info] 
=== Hosting Setup
[debug] [2023-12-16T15:03:38.053Z] >>> [apiv2][query] GET https://firebase.googleapis.com/v1beta1/projects/ns-constructions [none]
[debug] [2023-12-16T15:03:38.688Z] <<< [apiv2][status] GET https://firebase.googleapis.com/v1beta1/projects/ns-constructions 200
[debug] [2023-12-16T15:03:38.688Z] <<< [apiv2][body] GET https://firebase.googleapis.com/v1beta1/projects/ns-constructions {"projectId":"ns-constructions","projectNumber":"879321439326","displayName":"NS CONSTRUCTIONS","name":"projects/ns-constructions","resources":{"hostingSite":"ns-constructions"},"state":"ACTIVE","etag":"1_8cc6d3a1-7b90-447c-9d33-7cca62c23d44"}
[info] 
[info] Your public directory is the folder (relative to your project directory) that
[info] will contain Hosting assets to be uploaded with firebase deploy. If you
[info] have a build process for your assets, use your build's output directory.
[info] 
[debug] [2023-12-16T15:03:50.818Z] >>> [apiv2][query] GET https://www.gstatic.com/firebasejs/releases.json [none]
[debug] [2023-12-16T15:03:51.025Z] <<< [apiv2][status] GET https://www.gstatic.com/firebasejs/releases.json 200
[debug] [2023-12-16T15:03:51.026Z] <<< [apiv2][body] GET https://www.gstatic.com/firebasejs/releases.json {"current":{"version":"10.7.1","browserURL":"https://www.gstatic.com/firebasejs/10.7.1/firebase.js","packageURL":"https://www.gstatic.com/firebasejs/10.7.1/firebase.tgz"},"live":{"version":"10.7","browserURL":"https://www.gstatic.com/firebasejs/live/10.7/firebase.js","packageURL":"https://www.gstatic.com/firebasejs/live/10.7/firebase.tgz"},"components":{"analytics":"https://www.gstatic.com/firebasejs/10.7.1/firebase-analytics.js","app":"https://www.gstatic.com/firebasejs/10.7.1/firebase-app.js","app-check":"https://www.gstatic.com/firebasejs/10.7.1/firebase-app-check.js","auth":"https://www.gstatic.com/firebasejs/10.7.1/firebase-auth.js","auth/cordova":"https://www.gstatic.com/firebasejs/10.7.1/firebase-auth/cordova.js","functions":"https://www.gstatic.com/firebasejs/10.7.1/firebase-functions.js","firestore":"https://www.gstatic.com/firebasejs/10.7.1/firebase-firestore.js","firestore/lite":"https://www.gstatic.com/firebasejs/10.7.1/firebase-firestore/lite.js","installations":"https://www.gstatic.com/firebasejs/10.7.1/firebase-installations.js","storage":"https://www.gstatic.com/firebasejs/10.7.1/firebase-storage.js","performance":"https://www.gstatic.com/firebasejs/10.7.1/firebase-performance.js","remote-config":"https://www.gstatic.com/firebasejs/10.7.1/firebase-remote-config.js","messaging":"https://www.gstatic.com/firebasejs/10.7.1/firebase-messaging.js","messaging/sw":"https://www.gstatic.com/firebasejs/10.7.1/firebase-messaging/sw.js","database":"https://www.gstatic.com/firebasejs/10.7.1/firebase-database.js","firestore.memory":"https://www.gstatic.com/firebasejs/10.7.1/firebase-firestore.memory.js"}}
[info] +  Wrote public/index.html 
[info] 
[info] i  Didn't detect a .git folder. Assuming G:\PROJECT 2022\CONSTRUCTIONS is the project root. 
[info] i  Authorizing with GitHub to upload your service account to a GitHub repository's secrets store. 
[info] 
[info] Visit this URL on this device to log in:
[info] https://github.com/login/oauth/authorize?client_id=89cf50f02ac6aaed3484&state=116490162&redirect_uri=http%3A%2F%2Flocalhost%3A9005&scope=read%3Auser%20repo%20public_repo
[info] 
[info] Waiting for authentication...
[debug] [2023-12-16T15:05:10.878Z] >>> [apiv2][query] POST https://github.com/login/oauth/access_token [none]
[debug] [2023-12-16T15:05:10.878Z] >>> [apiv2][body] POST https://github.com/login/oauth/access_token [stream]
[debug] [2023-12-16T15:05:12.460Z] <<< [apiv2][status] POST https://github.com/login/oauth/access_token 200
[debug] [2023-12-16T15:05:12.460Z] <<< [apiv2][body] POST https://github.com/login/oauth/access_token {"access_token":"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","token_type":"bearer","scope":"read:user,repo"}
[debug] [2023-12-16T15:05:12.467Z] >>> [apiv2][query] GET https://api.github.com/user [none]
[debug] [2023-12-16T15:05:12.869Z] <<< [apiv2][status] GET https://api.github.com/user 200
[debug] [2023-12-16T15:05:12.869Z] <<< [apiv2][body] GET https://api.github.com/user {"login":"Nagithub1","id":102465493,"node_id":"U_kgDOBht_1Q","avatar_url":"https://avatars.githubusercontent.com/u/102465493?v=4","gravatar_id":"","url":"https://api.github.com/users/Nagithub1","html_url":"https://github.com/Nagithub1","followers_url":"https://api.github.com/users/Nagithub1/followers","following_url":"https://api.github.com/users/Nagithub1/following{/other_user}","gists_url":"https://api.github.com/users/Nagithub1/gists{/gist_id}","starred_url":"https://api.github.com/users/Nagithub1/starred{/owner}{/repo}","subscriptions_url":"https://api.github.com/users/Nagithub1/subscriptions","organizations_url":"https://api.github.com/users/Nagithub1/orgs","repos_url":"https://api.github.com/users/Nagithub1/repos","events_url":"https://api.github.com/users/Nagithub1/events{/privacy}","received_events_url":"https://api.github.com/users/Nagithub1/received_events","type":"User","site_admin":false,"name":"CHILAKAPATI NAGARAJU ","company":null,"blog":"","location":null,"email":null,"hireable":null,"bio":null,"twitter_username":null,"public_repos":2,"public_gists":0,"followers":0,"following":1,"created_at":"2022-03-27T10:46:40Z","updated_at":"2023-12-16T15:05:03Z","private_gists":0,"total_private_repos":1,"owned_private_repos":1,"disk_usage":25590,"collaborators":0,"two_factor_authentication":true,"plan":{"name":"free","space":976562499,"collaborators":0,"private_repos":10000}}
[info] 
[info] +  Success! Logged into GitHub as Nagithub1 
[info] 
[debug] [2023-12-16T15:05:25.978Z] >>> [apiv2][query] GET https://api.github.com/repos//actions/secrets/public-key type=owner
[debug] [2023-12-16T15:05:26.330Z] <<< [apiv2][status] GET https://api.github.com/repos//actions/secrets/public-key 404
[debug] [2023-12-16T15:05:26.330Z] <<< [apiv2][body] GET https://api.github.com/repos//actions/secrets/public-key {"message":"Not Found","documentation_url":"https://docs.github.com/rest"}
[info] 
[info] 
[error] !  The provided authorization cannot be used with this repository. If this repository is in an organization, did you remember to grant access? 
[info] 
[info] i  Action required: Visit this URL to ensure access has been granted to the appropriate organization(s) for the Firebase CLI GitHub OAuth App: 
[info] https://github.com/settings/connections/applications/89cf50f02ac6aaed3484
[info] 
